MFXWithMoPub/Temp/gradleOut/build/outputs/logs/manifest-merger-debug-report.txt
-- Merging decision tree log ---
manifest
ADDED from src/main/AndroidManifest.xml:2:1-32:12
INJECTED from src/main/AndroidManifest.xml:2:1-32:12
INJECTED from src/main/AndroidManifest.xml:2:1-32:12
INJECTED from src/main/AndroidManifest.xml:2:1-32:12
MERGED from [com.android.volley:volley:1.1.1] AndroidManifest.xml:2:1-11:12
MERGED from [androidx.appcompat:appcompat:1.1.0] AndroidManifest.xml:17:1-24:12
MERGED from [com.google.android.gms:play-services-ads-identifier:16.0.0] AndroidManifest.xml:17:1-24:12
MERGED from [com.google.android.gms:play-services-basement:16.0.1] AndroidManifest.xml:17:1-28:12
MERGED from [androidx.legacy:legacy-support-v4:1.0.0] AndroidManifest.xml:17:1-22:12
MERGED from [:mopub-sdk-banner:] AndroidManifest.xml:2:1-13:12
MERGED from [:mopub-sdk-base:] AndroidManifest.xml:2:1-30:12
MERGED from [:mopub-sdk-interstitial:] AndroidManifest.xml:2:1-22:12
MERGED from [:mopub-sdk-native-static:] AndroidManifest.xml:2:1-13:12
MERGED from [:mopub-sdk-rewardedvideo:] AndroidManifest.xml:2:1-18:12
MERGED from [:mopub-unity-wrappers:] AndroidManifest.xml:2:1-11:12
MERGED from [:MoPub.plugin] AndroidManifest.xml:2:1-39:12
MERGED from [androidx.legacy:legacy-support-core-ui:1.0.0] AndroidManifest.xml:17:1-22:12
MERGED from [androidx.cursoradapter:cursoradapter:1.0.0] AndroidManifest.xml:17:1-22:12
MERGED from [androidx.appcompat:appcompat-resources:1.1.0] AndroidManifest.xml:17:1-24:12
MERGED from [androidx.drawerlayout:drawerlayout:1.0.0] AndroidManifest.xml:17:1-22:12
MERGED from [androidx.vectordrawable:vectordrawable-animated:1.1.0] AndroidManifest.xml:17:1-24:12
MERGED from [androidx.vectordrawable:vectordrawable:1.1.0] AndroidManifest.xml:17:1-24:12
MERGED from [androidx.fragment:fragment:1.1.0] AndroidManifest.xml:17:1-24:12
MERGED from [androidx.viewpager:viewpager:1.0.0] AndroidManifest.xml:17:1-22:12
MERGED from [androidx.coordinatorlayout:coordinatorlayout:1.0.0] AndroidManifest.xml:17:1-22:12
MERGED from [androidx.slidingpanelayout:slidingpanelayout:1.0.0] AndroidManifest.xml:17:1-22:12
MERGED from [androidx.customview:customview:1.0.0] AndroidManifest.xml:17:1-22:12
MERGED from [androidx.swiperefreshlayout:swiperefreshlayout:1.0.0] AndroidManifest.xml:17:1-22:12
MERGED from [androidx.interpolator:interpolator:1.0.0] AndroidManifest.xml:17:1-22:12
MERGED from [androidx.legacy:legacy-support-core-utils:1.0.0] AndroidManifest.xml:17:1-22:12
MERGED from [androidx.loader:loader:1.0.0] AndroidManifest.xml:17:1-22:12
MERGED from [androidx.activity:activity:1.0.0] AndroidManifest.xml:17:1-24:12
MERGED from [androidx.media:media:1.0.0] AndroidManifest.xml:17:1-22:12
MERGED from [androidx.asynclayoutinflater:asynclayoutinflater:1.0.0] AndroidManifest.xml:17:1-22:12
MERGED from [androidx.core:core:1.1.0] AndroidManifest.xml:17:1-26:12
MERGED from [androidx.savedstate:savedstate:1.0.0] AndroidManifest.xml:17:1-24:12
MERGED from [androidx.lifecycle:lifecycle-livedata:2.0.0] AndroidManifest.xml:17:1-22:12
MERGED from [androidx.lifecycle:lifecycle-livedata-core:2.0.0] AndroidManifest.xml:17:1-22:12
MERGED from [androidx.arch.core:core-runtime:2.0.0] AndroidManifest.xml:17:1-22:12
MERGED from [androidx.documentfile:documentfile:1.0.0] AndroidManifest.xml:17:1-22:12
MERGED from [androidx.localbroadcastmanager:localbroadcastmanager:1.0.0] AndroidManifest.xml:17:1-22:12
MERGED from [androidx.print:print:1.0.0] AndroidManifest.xml:17:1-22:12
MERGED from [androidx.versionedparcelable:versionedparcelable:1.1.0] AndroidManifest.xml:17:1-27:12
MERGED from [androidx.lifecycle:lifecycle-runtime:2.1.0] AndroidManifest.xml:17:1-22:12
MERGED from [androidx.lifecycle:lifecycle-viewmodel:2.1.0] AndroidManifest.xml:17:1-22:12
INJECTED from src/main/AndroidManifest.xml:2:1-32:12
INJECTED from src/main/AndroidManifest.xml:2:1-32:12
INJECTED from src/main/AndroidManifest.xml:2:1-32:12
	package
		ADDED from src/main/AndroidManifest.xml:2:70-111
		INJECTED from src/main/AndroidManifest.xml
		INJECTED from src/main/AndroidManifest.xml
	android:versionName
		INJECTED from src/main/AndroidManifest.xml
		ADDED from src/main/AndroidManifest.xml:2:1-32:12
		INJECTED from src/main/AndroidManifest.xml
	xmlns:tools
		ADDED from src/main/AndroidManifest.xml:2:112-158
	android:versionCode
		INJECTED from src/main/AndroidManifest.xml
		ADDED from src/main/AndroidManifest.xml:2:1-32:12
		INJECTED from src/main/AndroidManifest.xml
	xmlns:android
		ADDED from src/main/AndroidManifest.xml:2:11-69
	android:installLocation
		ADDED from src/main/AndroidManifest.xml:2:159-199
supports-screens
ADDED from src/main/AndroidManifest.xml:3:3-163
	android:largeScreens
		ADDED from src/main/AndroidManifest.xml:3:78-105
	android:smallScreens
		ADDED from src/main/AndroidManifest.xml:3:21-48
	android:normalScreens
		ADDED from src/main/AndroidManifest.xml:3:49-77
	android:xlargeScreens
		ADDED from src/main/AndroidManifest.xml:3:106-134
	android:anyDensity
		ADDED from src/main/AndroidManifest.xml:3:135-160
application
ADDED from src/main/AndroidManifest.xml:4:3-19:17
MERGED from [com.android.volley:volley:1.1.1] AndroidManifest.xml:9:5-20
MERGED from [com.android.volley:volley:1.1.1] AndroidManifest.xml:9:5-20
MERGED from [com.google.android.gms:play-services-ads-identifier:16.0.0] AndroidManifest.xml:22:5-20
MERGED from [com.google.android.gms:play-services-ads-identifier:16.0.0] AndroidManifest.xml:22:5-20
MERGED from [com.google.android.gms:play-services-basement:16.0.1] AndroidManifest.xml:22:5-26:19
MERGED from [com.google.android.gms:play-services-basement:16.0.1] AndroidManifest.xml:22:5-26:19
MERGED from [:mopub-sdk-banner:] AndroidManifest.xml:11:5-20
MERGED from [:mopub-sdk-banner:] AndroidManifest.xml:11:5-20
MERGED from [:mopub-sdk-base:] AndroidManifest.xml:15:5-28:19
MERGED from [:mopub-sdk-base:] AndroidManifest.xml:15:5-28:19
MERGED from [:mopub-sdk-interstitial:] AndroidManifest.xml:11:5-20:19
MERGED from [:mopub-sdk-interstitial:] AndroidManifest.xml:11:5-20:19
MERGED from [:mopub-sdk-native-static:] AndroidManifest.xml:11:5-20
MERGED from [:mopub-sdk-native-static:] AndroidManifest.xml:11:5-20
MERGED from [:mopub-sdk-rewardedvideo:] AndroidManifest.xml:11:5-16:19
MERGED from [:mopub-sdk-rewardedvideo:] AndroidManifest.xml:11:5-16:19
MERGED from [:MoPub.plugin] AndroidManifest.xml:13:5-37:19
MERGED from [:MoPub.plugin] AndroidManifest.xml:13:5-37:19
MERGED from [androidx.core:core:1.1.0] AndroidManifest.xml:24:5-89
MERGED from [androidx.core:core:1.1.0] AndroidManifest.xml:24:5-89
MERGED from [androidx.versionedparcelable:versionedparcelable:1.1.0] AndroidManifest.xml:24:5-25:19
MERGED from [androidx.versionedparcelable:versionedparcelable:1.1.0] AndroidManifest.xml:24:5-25:19
	android:appComponentFactory
		ADDED from [androidx.core:core:1.1.0] AndroidManifest.xml:24:18-86
	android:label
		ADDED from src/main/AndroidManifest.xml:4:90-122
	android:icon
		ADDED from src/main/AndroidManifest.xml:4:58-89
	android:banner
		ADDED from src/main/AndroidManifest.xml:4:145-182
	android:theme
		ADDED from src/main/AndroidManifest.xml:4:16-57
	android:isGame
		ADDED from src/main/AndroidManifest.xml:4:123-144
	android:usesCleartextTraffic
		ADDED from src/main/AndroidManifest.xml:4:183-218
activity#com.unity3d.player.UnityPlayerActivity
ADDED from src/main/AndroidManifest.xml:5:5-12:16
	android:screenOrientation
		ADDED from src/main/AndroidManifest.xml:5:102-140
	android:label
		ADDED from src/main/AndroidManifest.xml:5:69-101
	android:launchMode
		ADDED from src/main/AndroidManifest.xml:5:141-172
	android:hardwareAccelerated
		ADDED from src/main/AndroidManifest.xml:5:355-389
	android:configChanges
		ADDED from src/main/AndroidManifest.xml:5:173-354
	android:name
		ADDED from src/main/AndroidManifest.xml:5:15-68
intent-filter#action:name:android.intent.action.MAIN+category:name:android.intent.category.LAUNCHER+category:name:android.intent.category.LEANBACK_LAUNCHER
ADDED from src/main/AndroidManifest.xml:6:7-10:23
action#android.intent.action.MAIN
ADDED from src/main/AndroidManifest.xml:7:9-61
	android:name
		ADDED from src/main/AndroidManifest.xml:7:17-58
category#android.intent.category.LAUNCHER
ADDED from src/main/AndroidManifest.xml:8:9-69
	android:name
		ADDED from src/main/AndroidManifest.xml:8:19-66
category#android.intent.category.LEANBACK_LAUNCHER
ADDED from src/main/AndroidManifest.xml:9:9-78
	android:name
		ADDED from src/main/AndroidManifest.xml:9:19-75
meta-data#unityplayer.UnityActivity
ADDED from src/main/AndroidManifest.xml:11:7-82
	android:value
		ADDED from src/main/AndroidManifest.xml:11:59-79
	android:name
		ADDED from src/main/AndroidManifest.xml:11:18-58
meta-data#unity.build-id
ADDED from src/main/AndroidManifest.xml:13:5-101
	android:value
		ADDED from src/main/AndroidManifest.xml:13:46-98
	android:name
		ADDED from src/main/AndroidManifest.xml:13:16-45
meta-data#unity.splash-mode
ADDED from src/main/AndroidManifest.xml:14:5-69
	android:value
		ADDED from src/main/AndroidManifest.xml:14:49-66
	android:name
		ADDED from src/main/AndroidManifest.xml:14:16-48
meta-data#unity.splash-enable
ADDED from src/main/AndroidManifest.xml:15:5-74
	android:value
		ADDED from src/main/AndroidManifest.xml:15:51-71
	android:name
		ADDED from src/main/AndroidManifest.xml:15:16-50
activity#com.mobfox.android.Ads.InterstitialActivity
ADDED from src/main/AndroidManifest.xml:16:5-217
	android:hardwareAccelerated
		ADDED from src/main/AndroidManifest.xml:16:74-108
	android:configChanges
		ADDED from src/main/AndroidManifest.xml:16:109-155
	android:theme
		ADDED from src/main/AndroidManifest.xml:16:156-214
	android:name
		ADDED from src/main/AndroidManifest.xml:16:15-73
activity#com.mobfox.android.core.InAppBrowser
ADDED from src/main/AndroidManifest.xml:17:5-151
	android:hardwareAccelerated
		ADDED from src/main/AndroidManifest.xml:17:67-101
	android:configChanges
		ADDED from src/main/AndroidManifest.xml:17:102-148
	android:name
		ADDED from src/main/AndroidManifest.xml:17:15-66
service#com.mobfox.android.dmp.services.MobFoxService
ADDED from src/main/AndroidManifest.xml:18:5-108
	android:launchMode
		ADDED from src/main/AndroidManifest.xml:18:75-105
	android:name
		ADDED from src/main/AndroidManifest.xml:18:14-74
uses-feature#0x00020000
ADDED from src/main/AndroidManifest.xml:20:3-52
	android:glEsVersion
		ADDED from src/main/AndroidManifest.xml:20:17-49
uses-permission#android.permission.INTERNET
ADDED from src/main/AndroidManifest.xml:21:3-65
MERGED from [:mopub-sdk-base:] AndroidManifest.xml:11:5-67
MERGED from [:mopub-sdk-base:] AndroidManifest.xml:11:5-67
MERGED from [:MoPub.plugin] AndroidManifest.xml:9:5-67
MERGED from [:MoPub.plugin] AndroidManifest.xml:9:5-67
	android:name
		ADDED from src/main/AndroidManifest.xml:21:20-62
uses-permission#android.permission.WRITE_EXTERNAL_STORAGE
ADDED from src/main/AndroidManifest.xml:22:3-106
	android:maxSdkVersion
		ADDED from src/main/AndroidManifest.xml:22:77-103
	android:name
		ADDED from src/main/AndroidManifest.xml:22:20-76
uses-permission#android.permission.READ_EXTERNAL_STORAGE
ADDED from src/main/AndroidManifest.xml:23:3-105
	android:maxSdkVersion
		ADDED from src/main/AndroidManifest.xml:23:76-102
	android:name
		ADDED from src/main/AndroidManifest.xml:23:20-75
uses-feature#android.hardware.touchscreen
ADDED from src/main/AndroidManifest.xml:24:3-88
	android:required
		ADDED from src/main/AndroidManifest.xml:24:61-85
	android:name
		ADDED from src/main/AndroidManifest.xml:24:17-60
uses-feature#android.hardware.touchscreen.multitouch
ADDED from src/main/AndroidManifest.xml:25:3-99
	android:required
		ADDED from src/main/AndroidManifest.xml:25:72-96
	android:name
		ADDED from src/main/AndroidManifest.xml:25:17-71
uses-feature#android.hardware.touchscreen.multitouch.distinct
ADDED from src/main/AndroidManifest.xml:26:3-108
	android:required
		ADDED from src/main/AndroidManifest.xml:26:81-105
	android:name
		ADDED from src/main/AndroidManifest.xml:26:17-80
uses-permission#android.permission.ACCESS_WIFI_STATE
ADDED from src/main/AndroidManifest.xml:27:3-74
	android:name
		ADDED from src/main/AndroidManifest.xml:27:20-71
uses-permission#android.permission.CHANGE_WIFI_STATE
ADDED from src/main/AndroidManifest.xml:28:3-74
	android:name
		ADDED from src/main/AndroidManifest.xml:28:20-71
uses-permission#android.permission.ACCESS_COARSE_LOCATION
ADDED from src/main/AndroidManifest.xml:29:3-79
MERGED from [:mopub-sdk-base:] AndroidManifest.xml:12:5-81
MERGED from [:mopub-sdk-base:] AndroidManifest.xml:12:5-81
	android:name
		ADDED from src/main/AndroidManifest.xml:29:20-76
uses-permission#android.permission.ACCESS_NETWORK_STATE
ADDED from src/main/AndroidManifest.xml:30:3-77
MERGED from [:mopub-sdk-base:] AndroidManifest.xml:13:5-79
MERGED from [:mopub-sdk-base:] AndroidManifest.xml:13:5-79
MERGED from [:MoPub.plugin] AndroidManifest.xml:10:5-79
MERGED from [:MoPub.plugin] AndroidManifest.xml:10:5-79
	android:name
		ADDED from src/main/AndroidManifest.xml:30:20-74
uses-sdk
INJECTED from src/main/AndroidManifest.xml reason: use-sdk injection requested
INJECTED from src/main/AndroidManifest.xml
INJECTED from src/main/AndroidManifest.xml
MERGED from [com.android.volley:volley:1.1.1] AndroidManifest.xml:7:5-43
MERGED from [com.android.volley:volley:1.1.1] AndroidManifest.xml:7:5-43
MERGED from [androidx.appcompat:appcompat:1.1.0] AndroidManifest.xml:20:5-22:41
MERGED from [androidx.appcompat:appcompat:1.1.0] AndroidManifest.xml:20:5-22:41
MERGED from [com.google.android.gms:play-services-ads-identifier:16.0.0] AndroidManifest.xml:20:5-44
MERGED from [com.google.android.gms:play-services-ads-identifier:16.0.0] AndroidManifest.xml:20:5-44
MERGED from [com.google.android.gms:play-services-basement:16.0.1] AndroidManifest.xml:20:5-44
MERGED from [com.google.android.gms:play-services-basement:16.0.1] AndroidManifest.xml:20:5-44
MERGED from [androidx.legacy:legacy-support-v4:1.0.0] AndroidManifest.xml:20:5-44
MERGED from [androidx.legacy:legacy-support-v4:1.0.0] AndroidManifest.xml:20:5-44
MERGED from [:mopub-sdk-banner:] AndroidManifest.xml:7:5-9:41
MERGED from [:mopub-sdk-banner:] AndroidManifest.xml:7:5-9:41
MERGED from [:mopub-sdk-base:] AndroidManifest.xml:7:5-9:41
MERGED from [:mopub-sdk-base:] AndroidManifest.xml:7:5-9:41
MERGED from [:mopub-sdk-interstitial:] AndroidManifest.xml:7:5-9:41
MERGED from [:mopub-sdk-interstitial:] AndroidManifest.xml:7:5-9:41
MERGED from [:mopub-sdk-native-static:] AndroidManifest.xml:7:5-9:41
MERGED from [:mopub-sdk-native-static:] AndroidManifest.xml:7:5-9:41
MERGED from [:mopub-sdk-rewardedvideo:] AndroidManifest.xml:7:5-9:41
MERGED from [:mopub-sdk-rewardedvideo:] AndroidManifest.xml:7:5-9:41
MERGED from [:mopub-unity-wrappers:] AndroidManifest.xml:7:5-9:41
MERGED from [:mopub-unity-wrappers:] AndroidManifest.xml:7:5-9:41
MERGED from [:MoPub.plugin] AndroidManifest.xml:5:5-7:41
MERGED from [:MoPub.plugin] AndroidManifest.xml:5:5-7:41
MERGED from [androidx.legacy:legacy-support-core-ui:1.0.0] AndroidManifest.xml:20:5-44
MERGED from [androidx.legacy:legacy-support-core-ui:1.0.0] AndroidManifest.xml:20:5-44
MERGED from [androidx.cursoradapter:cursoradapter:1.0.0] AndroidManifest.xml:20:5-44
MERGED from [androidx.cursoradapter:cursoradapter:1.0.0] AndroidManifest.xml:20:5-44
MERGED from [androidx.appcompat:appcompat-resources:1.1.0] AndroidManifest.xml:20:5-22:41
MERGED from [androidx.appcompat:appcompat-resources:1.1.0] AndroidManifest.xml:20:5-22:41
MERGED from [androidx.drawerlayout:drawerlayout:1.0.0] AndroidManifest.xml:20:5-44
MERGED from [androidx.drawerlayout:drawerlayout:1.0.0] AndroidManifest.xml:20:5-44
MERGED from [androidx.vectordrawable:vectordrawable-animated:1.1.0] AndroidManifest.xml:20:5-22:41
MERGED from [androidx.vectordrawable:vectordrawable-animated:1.1.0] AndroidManifest.xml:20:5-22:41
MERGED from [androidx.vectordrawable:vectordrawable:1.1.0] AndroidManifest.xml:20:5-22:41
MERGED from [androidx.vectordrawable:vectordrawable:1.1.0] AndroidManifest.xml:20:5-22:41
MERGED from [androidx.fragment:fragment:1.1.0] AndroidManifest.xml:20:5-22:41
MERGED from [androidx.fragment:fragment:1.1.0] AndroidManifest.xml:20:5-22:41
MERGED from [androidx.viewpager:viewpager:1.0.0] AndroidManifest.xml:20:5-44
MERGED from [androidx.viewpager:viewpager:1.0.0] AndroidManifest.xml:20:5-44
MERGED from [androidx.coordinatorlayout:coordinatorlayout:1.0.0] AndroidManifest.xml:20:5-44
MERGED from [androidx.coordinatorlayout:coordinatorlayout:1.0.0] AndroidManifest.xml:20:5-44
MERGED from [androidx.slidingpanelayout:slidingpanelayout:1.0.0] AndroidManifest.xml:20:5-44
MERGED from [androidx.slidingpanelayout:slidingpanelayout:1.0.0] AndroidManifest.xml:20:5-44
MERGED from [androidx.customview:customview:1.0.0] AndroidManifest.xml:20:5-44
MERGED from [androidx.customview:customview:1.0.0] AndroidManifest.xml:20:5-44
MERGED from [androidx.swiperefreshlayout:swiperefreshlayout:1.0.0] AndroidManifest.xml:20:5-44
MERGED from [androidx.swiperefreshlayout:swiperefreshlayout:1.0.0] AndroidManifest.xml:20:5-44
MERGED from [androidx.interpolator:interpolator:1.0.0] AndroidManifest.xml:20:5-44
MERGED from [androidx.interpolator:interpolator:1.0.0] AndroidManifest.xml:20:5-44
MERGED from [androidx.legacy:legacy-support-core-utils:1.0.0] AndroidManifest.xml:20:5-44
MERGED from [androidx.legacy:legacy-support-core-utils:1.0.0] AndroidManifest.xml:20:5-44
MERGED from [androidx.loader:loader:1.0.0] AndroidManifest.xml:20:5-44
MERGED from [androidx.loader:loader:1.0.0] AndroidManifest.xml:20:5-44
MERGED from [androidx.activity:activity:1.0.0] AndroidManifest.xml:20:5-22:41
MERGED from [androidx.activity:activity:1.0.0] AndroidManifest.xml:20:5-22:41
MERGED from [androidx.media:media:1.0.0] AndroidManifest.xml:20:5-44
MERGED from [androidx.media:media:1.0.0] AndroidManifest.xml:20:5-44
MERGED from [androidx.asynclayoutinflater:asynclayoutinflater:1.0.0] AndroidManifest.xml:20:5-44
MERGED from [androidx.asynclayoutinflater:asynclayoutinflater:1.0.0] AndroidManifest.xml:20:5-44
MERGED from [androidx.core:core:1.1.0] AndroidManifest.xml:20:5-22:41
MERGED from [androidx.core:core:1.1.0] AndroidManifest.xml:20:5-22:41
MERGED from [androidx.savedstate:savedstate:1.0.0] AndroidManifest.xml:20:5-22:41
MERGED from [androidx.savedstate:savedstate:1.0.0] AndroidManifest.xml:20:5-22:41
MERGED from [androidx.lifecycle:lifecycle-livedata:2.0.0] AndroidManifest.xml:20:5-44
MERGED from [androidx.lifecycle:lifecycle-livedata:2.0.0] AndroidManifest.xml:20:5-44
MERGED from [androidx.lifecycle:lifecycle-livedata-core:2.0.0] AndroidManifest.xml:20:5-44
MERGED from [androidx.lifecycle:lifecycle-livedata-core:2.0.0] AndroidManifest.xml:20:5-44
MERGED from [androidx.arch.core:core-runtime:2.0.0] AndroidManifest.xml:20:5-44
MERGED from [androidx.arch.core:core-runtime:2.0.0] AndroidManifest.xml:20:5-44
MERGED from [androidx.documentfile:documentfile:1.0.0] AndroidManifest.xml:20:5-44
MERGED from [androidx.documentfile:documentfile:1.0.0] AndroidManifest.xml:20:5-44
MERGED from [androidx.localbroadcastmanager:localbroadcastmanager:1.0.0] AndroidManifest.xml:20:5-44
MERGED from [androidx.localbroadcastmanager:localbroadcastmanager:1.0.0] AndroidManifest.xml:20:5-44
MERGED from [androidx.print:print:1.0.0] AndroidManifest.xml:20:5-44
MERGED from [androidx.print:print:1.0.0] AndroidManifest.xml:20:5-44
MERGED from [androidx.versionedparcelable:versionedparcelable:1.1.0] AndroidManifest.xml:20:5-22:41
MERGED from [androidx.versionedparcelable:versionedparcelable:1.1.0] AndroidManifest.xml:20:5-22:41
MERGED from [androidx.lifecycle:lifecycle-runtime:2.1.0] AndroidManifest.xml:20:5-44
MERGED from [androidx.lifecycle:lifecycle-runtime:2.1.0] AndroidManifest.xml:20:5-44
MERGED from [androidx.lifecycle:lifecycle-viewmodel:2.1.0] AndroidManifest.xml:20:5-44
MERGED from [androidx.lifecycle:lifecycle-viewmodel:2.1.0] AndroidManifest.xml:20:5-44
INJECTED from src/main/AndroidManifest.xml
INJECTED from src/main/AndroidManifest.xml
	android:targetSdkVersion
		INJECTED from src/main/AndroidManifest.xml
		ADDED from src/main/AndroidManifest.xml
		INJECTED from src/main/AndroidManifest.xml
	android:minSdkVersion
		INJECTED from src/main/AndroidManifest.xml
		ADDED from src/main/AndroidManifest.xml
		INJECTED from src/main/AndroidManifest.xml
meta-data#com.google.android.gms.version
ADDED from [com.google.android.gms:play-services-basement:16.0.1] AndroidManifest.xml:23:9-25:69
	android:value
		ADDED from [com.google.android.gms:play-services-basement:16.0.1] AndroidManifest.xml:25:13-66
	android:name
		ADDED from [com.google.android.gms:play-services-basement:16.0.1] AndroidManifest.xml:24:13-58
activity#com.mopub.common.MoPubBrowser
ADDED from [:mopub-sdk-base:] AndroidManifest.xml:16:9-19:59
MERGED from [:MoPub.plugin] AndroidManifest.xml:25:9-27:77
MERGED from [:MoPub.plugin] AndroidManifest.xml:25:9-27:77
	android:configChanges
		ADDED from [:mopub-sdk-base:] AndroidManifest.xml:18:13-74
	android:theme
		ADDED from [:mopub-sdk-base:] AndroidManifest.xml:19:13-56
	android:name
		ADDED from [:mopub-sdk-base:] AndroidManifest.xml:17:13-57
activity#com.mopub.mobileads.MraidVideoPlayerActivity
ADDED from [:mopub-sdk-base:] AndroidManifest.xml:20:9-23:59
MERGED from [:MoPub.plugin] AndroidManifest.xml:28:9-30:77
MERGED from [:MoPub.plugin] AndroidManifest.xml:28:9-30:77
	android:configChanges
		ADDED from [:mopub-sdk-base:] AndroidManifest.xml:22:13-74
	android:theme
		ADDED from [:mopub-sdk-base:] AndroidManifest.xml:23:13-56
	android:name
		ADDED from [:mopub-sdk-base:] AndroidManifest.xml:21:13-72
activity#com.mopub.common.privacy.ConsentDialogActivity
ADDED from [:mopub-sdk-base:] AndroidManifest.xml:24:9-27:59
MERGED from [:MoPub.plugin] AndroidManifest.xml:34:9-36:77
MERGED from [:MoPub.plugin] AndroidManifest.xml:34:9-36:77
	android:configChanges
		ADDED from [:mopub-sdk-base:] AndroidManifest.xml:26:13-74
	android:theme
		ADDED from [:mopub-sdk-base:] AndroidManifest.xml:27:13-56
	android:name
		ADDED from [:mopub-sdk-base:] AndroidManifest.xml:25:13-74
activity#com.mopub.mobileads.MoPubActivity
ADDED from [:mopub-sdk-interstitial:] AndroidManifest.xml:12:9-15:59
MERGED from [:MoPub.plugin] AndroidManifest.xml:19:9-21:77
MERGED from [:MoPub.plugin] AndroidManifest.xml:19:9-21:77
	android:configChanges
		ADDED from [:mopub-sdk-interstitial:] AndroidManifest.xml:14:13-74
	android:theme
		ADDED from [:mopub-sdk-interstitial:] AndroidManifest.xml:15:13-56
	android:name
		ADDED from [:mopub-sdk-interstitial:] AndroidManifest.xml:13:13-61
activity#com.mopub.mobileads.MraidActivity
ADDED from [:mopub-sdk-interstitial:] AndroidManifest.xml:16:9-19:59
MERGED from [:MoPub.plugin] AndroidManifest.xml:22:9-24:77
MERGED from [:MoPub.plugin] AndroidManifest.xml:22:9-24:77
	android:configChanges
		ADDED from [:mopub-sdk-interstitial:] AndroidManifest.xml:18:13-74
	android:theme
		ADDED from [:mopub-sdk-interstitial:] AndroidManifest.xml:19:13-56
	android:name
		ADDED from [:mopub-sdk-interstitial:] AndroidManifest.xml:17:13-61
activity#com.mopub.mobileads.RewardedMraidActivity
ADDED from [:mopub-sdk-rewardedvideo:] AndroidManifest.xml:12:9-15:59
MERGED from [:MoPub.plugin] AndroidManifest.xml:31:9-33:77
MERGED from [:MoPub.plugin] AndroidManifest.xml:31:9-33:77
	android:configChanges
		ADDED from [:mopub-sdk-rewardedvideo:] AndroidManifest.xml:14:13-74
	android:theme
		ADDED from [:mopub-sdk-rewardedvideo:] AndroidManifest.xml:15:13-56
	android:name
		ADDED from [:mopub-sdk-rewardedvideo:] AndroidManifest.xml:13:13-69
uses-permission#android.permission.ACCESS_FINE_LOCATION
ADDED from [:MoPub.plugin] AndroidManifest.xml:11:5-79
	android:name
		ADDED from [:MoPub.plugin] AndroidManifest.xml:11:22-76
uses-library#org.apache.http.legacy
ADDED from [:MoPub.plugin] AndroidManifest.xml:14:9-16:40
	android:required
		ADDED from [:MoPub.plugin] AndroidManifest.xml:16:13-37
	android:name
		ADDED from [:MoPub.plugin] AndroidManifest.xml:15:13-50